0 info it worked if it ends with ok
1 verbose cli [
1 verbose cli   '/usr/local/Cellar/node/14.0.0/bin/node',
1 verbose cli   '/usr/local/bin/npm',
1 verbose cli   'run',
1 verbose cli   'test'
1 verbose cli ]
2 info using npm@6.14.4
3 info using node@v14.0.0
4 verbose run-script [ 'pretest', 'test', 'posttest' ]
5 info lifecycle drones-monitor@0.1.0~pretest: drones-monitor@0.1.0
6 info lifecycle drones-monitor@0.1.0~test: drones-monitor@0.1.0
7 verbose lifecycle drones-monitor@0.1.0~test: unsafe-perm in lifecycle true
8 verbose lifecycle drones-monitor@0.1.0~test: PATH: /usr/local/lib/node_modules/npm/node_modules/npm-lifecycle/node-gyp-bin:/Users/laura.viglioni/Documents/drones-monitor/node_modules/.bin:/usr/local/bin:/usr/bin:/bin:/usr/sbin:/sbin:/Library/Apple/usr/bin
9 verbose lifecycle drones-monitor@0.1.0~test: CWD: /Users/laura.viglioni/Documents/drones-monitor
10 silly lifecycle drones-monitor@0.1.0~test: Args: [ '-c', 'NODE_ICU_DATA=node_modules/full-icu jest' ]
11 silly lifecycle drones-monitor@0.1.0~test: Returned: code: 1  signal: null
12 info lifecycle drones-monitor@0.1.0~test: Failed to exec test script
13 verbose stack Error: drones-monitor@0.1.0 test: `NODE_ICU_DATA=node_modules/full-icu jest`
13 verbose stack Exit status 1
13 verbose stack     at EventEmitter.<anonymous> (/usr/local/lib/node_modules/npm/node_modules/npm-lifecycle/index.js:332:16)
13 verbose stack     at EventEmitter.emit (events.js:315:20)
13 verbose stack     at ChildProcess.<anonymous> (/usr/local/lib/node_modules/npm/node_modules/npm-lifecycle/lib/spawn.js:55:14)
13 verbose stack     at ChildProcess.emit (events.js:315:20)
13 verbose stack     at maybeClose (internal/child_process.js:1051:16)
13 verbose stack     at Process.ChildProcess._handle.onexit (internal/child_process.js:287:5)
14 verbose pkgid drones-monitor@0.1.0
15 verbose cwd /Users/laura.viglioni/Documents/drones-monitor/src/components/lead-qualification-list/form
16 verbose Darwin 19.4.0
17 verbose argv "/usr/local/Cellar/node/14.0.0/bin/node" "/usr/local/bin/npm" "run" "test"
18 verbose node v14.0.0
19 verbose npm  v6.14.4
20 error code ELIFECYCLE
21 error errno 1
22 error drones-monitor@0.1.0 test: `NODE_ICU_DATA=node_modules/full-icu jest`
22 error Exit status 1
23 error Failed at the drones-monitor@0.1.0 test script.
23 error This is probably not a problem with npm. There is likely additional logging output above.
24 verbose exit [ 1, true ]
